<?xml version="1.0" encoding="UTF-8"?>
<testsuite xmlns:xsi="http://www.w3.org/2001/XMLSchema-instance" xsi:noNamespaceSchemaLocation="https://maven.apache.org/surefire/maven-surefire-plugin/xsd/surefire-test-report-3.0.xsd" version="3.0" name="TestRunner.Run" time="18.43" tests="1" errors="0" skipped="0" failures="0">
  <properties>
[...]
</properties>
  <testcase name="Successful login with valid creadentials" classname="login" time="17.073">
    <system-out><![CDATA[
@Sanity
Scenario: Successful login with valid creadentials                      # Features/LoginFeature.feature:3
setup1 sanity method executed....
[DEBUG] Resolution chrome=104 in cache (valid until 20:32:14 24/08/2022 IST)
[DEBUG] Resolution chrome104=104.0.5112.79 in cache (valid until 18:29:15 25/08/2022 IST)
[INFO] Using chromedriver 104.0.5112.79 (resolved driver for Chrome 104)
[DEBUG] Driver chromedriver 104.0.5112.79 found in cache
[INFO] Exporting webdriver.chrome.driver as C:\Users\admin\.cache\selenium\chromedriver\win32\104.0.5112.79\chromedriver.exe
[DEBUG] Using SLF4J as the default logging framework
[DEBUG] -Dio.netty.leakDetection.level: simple
[DEBUG] -Dio.netty.leakDetection.targetRecords: 4
[DEBUG] Loaded default ResourceLeakDetector: io.netty.util.ResourceLeakDetector@73044cdf
[DEBUG] -Dio.netty.noUnsafe: false
[DEBUG] Java version: 17
[DEBUG] sun.misc.Unsafe.theUnsafe: available
[DEBUG] sun.misc.Unsafe.copyMemory: available
[DEBUG] sun.misc.Unsafe.storeFence: available
[DEBUG] java.nio.Buffer.address: available
[DEBUG] direct buffer constructor: unavailable: Reflective setAccessible(true) disabled
[DEBUG] java.nio.Bits.unaligned: available, true
[DEBUG] jdk.internal.misc.Unsafe.allocateUninitializedArray(int): unavailable: class io.netty.util.internal.PlatformDependent0$7 cannot access class jdk.internal.misc.Unsafe (in module java.base) because module java.base does not export jdk.internal.misc to unnamed module @598067a5
[DEBUG] java.nio.DirectByteBuffer.<init>(long, int): unavailable
[DEBUG] sun.misc.Unsafe: available
[DEBUG] maxDirectMemory: 1050673152 bytes (maybe)
[DEBUG] -Dio.netty.tmpdir: C:\Users\admin\AppData\Local\Temp (java.io.tmpdir)
[DEBUG] -Dio.netty.bitMode: 64 (sun.arch.data.model)
[DEBUG] Platform: Windows
[DEBUG] -Dio.netty.maxDirectMemory: -1 bytes
[DEBUG] -Dio.netty.uninitializedArrayAllocationThreshold: -1
[DEBUG] java.nio.ByteBuffer.cleaner(): available
[DEBUG] -Dio.netty.noPreferDirect: false
[DEBUG] org.jctools-core.MpscChunkedArrayQueue: available
[DEBUG] -Dio.netty.threadLocalMap.stringBuilder.initialSize: 1024
[DEBUG] -Dio.netty.threadLocalMap.stringBuilder.maxSize: 4096
[DEBUG] Default protocols (JDK): [TLSv1.3, TLSv1.2] 
[DEBUG] Default cipher suites (JDK): [TLS_ECDHE_ECDSA_WITH_AES_256_GCM_SHA384, TLS_ECDHE_ECDSA_WITH_AES_128_GCM_SHA256, TLS_ECDHE_RSA_WITH_AES_128_GCM_SHA256, TLS_ECDHE_RSA_WITH_AES_256_GCM_SHA384, TLS_ECDHE_RSA_WITH_AES_128_CBC_SHA, TLS_ECDHE_RSA_WITH_AES_256_CBC_SHA, TLS_RSA_WITH_AES_128_GCM_SHA256, TLS_RSA_WITH_AES_128_CBC_SHA, TLS_RSA_WITH_AES_256_CBC_SHA, TLS_AES_128_GCM_SHA256, TLS_AES_256_GCM_SHA384]
[DEBUG] -Dio.netty.eventLoopThreads: 8
[DEBUG] -Dio.netty.noKeySetOptimization: false
[DEBUG] -Dio.netty.selectorAutoRebuildThreshold: 512
[DEBUG] -Dio.netty.allocator.numHeapArenas: 8
[DEBUG] -Dio.netty.allocator.numDirectArenas: 8
[DEBUG] -Dio.netty.allocator.pageSize: 8192
[DEBUG] -Dio.netty.allocator.maxOrder: 9
[DEBUG] -Dio.netty.allocator.chunkSize: 4194304
[DEBUG] -Dio.netty.allocator.smallCacheSize: 256
[DEBUG] -Dio.netty.allocator.normalCacheSize: 64
[DEBUG] -Dio.netty.allocator.maxCachedBufferCapacity: 32768
[DEBUG] -Dio.netty.allocator.cacheTrimInterval: 8192
[DEBUG] -Dio.netty.allocator.cacheTrimIntervalMillis: 0
[DEBUG] -Dio.netty.allocator.useCacheForAllThreads: false
[DEBUG] -Dio.netty.allocator.maxCachedByteBuffersPerChunk: 1023
[DEBUG] -Dio.netty.allocator.type: pooled
[DEBUG] -Dio.netty.threadLocalDirectBufferSize: 0
[DEBUG] -Dio.netty.maxThreadLocalCharBufferSize: 16384
[DEBUG] -Dio.netty.processId: 4316 (auto-detected)
[DEBUG] -Djava.net.preferIPv4Stack: false
[DEBUG] -Djava.net.preferIPv6Addresses: false
[DEBUG] Loopback interface: lo (Software Loopback Interface 1, 127.0.0.1)
[DEBUG] Failed to get SOMAXCONN from sysctl and file \proc\sys\net\core\somaxconn. Default: 200
[DEBUG] -Dio.netty.machineId: 80:c5:f2:ff:fe:d7:55:0b (auto-detected)
[DEBUG] -Dio.netty.buffer.checkAccessible: true
[DEBUG] -Dio.netty.buffer.checkBounds: true
[DEBUG] Loaded default ResourceLeakDetector: io.netty.util.ResourceLeakDetector@2bd37f3d
[DEBUG] Using new Channel '[id: 0xb46fbb51, L:/127.0.0.1:59532 - R:localhost/127.0.0.1:49858]' for 'POST' to '/session'
[DEBUG] -Dio.netty.recycler.maxCapacityPerThread: 4096
[DEBUG] -Dio.netty.recycler.ratio: 8
[DEBUG] -Dio.netty.recycler.chunkSize: 32
[DEBUG] -Dio.netty.recycler.blocking: false
[DEBUG] brotli4j not in the classpath; Brotli support will be unavailable.
[DEBUG] 

Request DefaultHttpRequest(decodeResult: success, version: HTTP/1.1)
POST /session HTTP/1.1
User-Agent: selenium/4.2.1 (java windows)
Content-Length: 365
Content-Type: application/json; charset=utf-8
host: localhost:49858
accept: */*

Response DefaultHttpResponse(decodeResult: success, version: HTTP/1.1)
HTTP/1.1 200 OK
Content-Type: application/json; charset=utf-8
cache-control: no-cache
content-length: 792

[DEBUG] Adding key: http://localhost:49858 for channel [id: 0xb46fbb51, L:/127.0.0.1:59532 - R:localhost/127.0.0.1:49858]
[DEBUG] Using new Channel '[id: 0xa036e624, L:/127.0.0.1:59540 - R:localhost/127.0.0.1:59533]' for 'GET' to '/json/version'
[DEBUG] 

Request DefaultFullHttpRequest(decodeResult: success, version: HTTP/1.1, content: EmptyByteBufBE)
GET /json/version HTTP/1.1
User-Agent: selenium/4.2.1 (java windows)
host: localhost:59533
accept: */*

Response DefaultHttpResponse(decodeResult: success, version: HTTP/1.1)
HTTP/1.1 200 OK
Content-Type: application/json; charset=UTF-8
content-length: 429

[DEBUG] Adding key: http://localhost:59533 for channel [id: 0xa036e624, L:/127.0.0.1:59540 - R:localhost/127.0.0.1:59533]
[DEBUG] -Dio.netty.initialSeedUniquifier: 0x2747ff101734f07a
[DEBUG] Using new Channel '[id: 0x332d2323, L:/127.0.0.1:59541 - R:localhost/127.0.0.1:59533]' for 'GET' to '/devtools/browser/a88d0f45-cfc1-4d6e-9d98-5f36ed93caf6'
[DEBUG] 

Request DefaultFullHttpRequest(decodeResult: success, version: HTTP/1.1, content: EmptyByteBufBE)
GET /devtools/browser/a88d0f45-cfc1-4d6e-9d98-5f36ed93caf6 HTTP/1.1
upgrade: websocket
connection: upgrade
sec-websocket-key: QhxR2q0A40Ckl8mpcNB+6w==
sec-websocket-version: 13
origin: http://localhost:59533
host: localhost:59533
accept: */*
user-agent: AHC/2.1

Response DefaultHttpResponse(decodeResult: success, version: HTTP/1.1)
HTTP/1.1 101 WebSocket Protocol Handshake
Upgrade: WebSocket
Connection: Upgrade
Sec-WebSocket-Accept: camGpElxIQ/+roga7Ms1jRICYKM=

 this is before steps
  Given user launch chrome browser                                      # StepDefination.StepDef.user_launch_chrome_browser()
this is after test method
 this is before steps
[DEBUG] Using pooled Channel '[id: 0xb46fbb51, L:/127.0.0.1:59532 - R:localhost/127.0.0.1:49858]' for 'POST' to 'http://localhost:49858/session/4b8e2f887f49488a74def858c42b8c51/url'
[DEBUG] Using open Channel [id: 0xb46fbb51, L:/127.0.0.1:59532 - R:localhost/127.0.0.1:49858] for POST '/session/4b8e2f887f49488a74def858c42b8c51/url'
[DEBUG] Entry count for : http://localhost:59533 : 1
[DEBUG] Entry count for : http://localhost:59533 : 1
[DEBUG] Entry count for : http://localhost:59533 : 1
[DEBUG] 

Request DefaultHttpRequest(decodeResult: success, version: HTTP/1.1)
POST /session/4b8e2f887f49488a74def858c42b8c51/url HTTP/1.1
User-Agent: selenium/4.2.1 (java windows)
Content-Length: 70
Content-Type: application/json; charset=utf-8
host: localhost:49858
accept: */*

Response DefaultHttpResponse(decodeResult: success, version: HTTP/1.1)
HTTP/1.1 200 OK
Content-Type: application/json; charset=utf-8
cache-control: no-cache
content-length: 14

[DEBUG] Adding key: http://localhost:49858 for channel [id: 0xb46fbb51, L:/127.0.0.1:59532 - R:localhost/127.0.0.1:49858]
  When user open url "https://admin-demo.nopcommerce.com/login"         # StepDefination.StepDef.user_open_url(java.lang.String)
this is after test method
 this is before steps
[DEBUG] Using pooled Channel '[id: 0xb46fbb51, L:/127.0.0.1:59532 - R:localhost/127.0.0.1:49858]' for 'POST' to 'http://localhost:49858/session/4b8e2f887f49488a74def858c42b8c51/element'
[DEBUG] Using open Channel [id: 0xb46fbb51, L:/127.0.0.1:59532 - R:localhost/127.0.0.1:49858] for POST '/session/4b8e2f887f49488a74def858c42b8c51/element'
[DEBUG] 

Request DefaultHttpRequest(decodeResult: success, version: HTTP/1.1)
POST /session/4b8e2f887f49488a74def858c42b8c51/element HTTP/1.1
User-Agent: selenium/4.2.1 (java windows)
Content-Length: 50
Content-Type: application/json; charset=utf-8
host: localhost:49858
accept: */*

Response DefaultHttpResponse(decodeResult: success, version: HTTP/1.1)
HTTP/1.1 200 OK
Content-Type: application/json; charset=utf-8
cache-control: no-cache
content-length: 88

[DEBUG] Adding key: http://localhost:49858 for channel [id: 0xb46fbb51, L:/127.0.0.1:59532 - R:localhost/127.0.0.1:49858]
[DEBUG] Using pooled Channel '[id: 0xb46fbb51, L:/127.0.0.1:59532 - R:localhost/127.0.0.1:49858]' for 'POST' to 'http://localhost:49858/session/4b8e2f887f49488a74def858c42b8c51/element/5e924998-684c-4898-83d7-fed1099bdafc/clear'
[DEBUG] Using open Channel [id: 0xb46fbb51, L:/127.0.0.1:59532 - R:localhost/127.0.0.1:49858] for POST '/session/4b8e2f887f49488a74def858c42b8c51/element/5e924998-684c-4898-83d7-fed1099bdafc/clear'
[DEBUG] 

Request DefaultHttpRequest(decodeResult: success, version: HTTP/1.1)
POST /session/4b8e2f887f49488a74def858c42b8c51/element/5e924998-684c-4898-83d7-fed1099bdafc/clear HTTP/1.1
User-Agent: selenium/4.2.1 (java windows)
Content-Length: 50
Content-Type: application/json; charset=utf-8
host: localhost:49858
accept: */*

Response DefaultHttpResponse(decodeResult: success, version: HTTP/1.1)
HTTP/1.1 200 OK
Content-Type: application/json; charset=utf-8
cache-control: no-cache
content-length: 14

[DEBUG] Adding key: http://localhost:49858 for channel [id: 0xb46fbb51, L:/127.0.0.1:59532 - R:localhost/127.0.0.1:49858]
[DEBUG] Using pooled Channel '[id: 0xb46fbb51, L:/127.0.0.1:59532 - R:localhost/127.0.0.1:49858]' for 'POST' to 'http://localhost:49858/session/4b8e2f887f49488a74def858c42b8c51/element'
[DEBUG] Using open Channel [id: 0xb46fbb51, L:/127.0.0.1:59532 - R:localhost/127.0.0.1:49858] for POST '/session/4b8e2f887f49488a74def858c42b8c51/element'
[DEBUG] 

Request DefaultHttpRequest(decodeResult: success, version: HTTP/1.1)
POST /session/4b8e2f887f49488a74def858c42b8c51/element HTTP/1.1
User-Agent: selenium/4.2.1 (java windows)
Content-Length: 50
Content-Type: application/json; charset=utf-8
host: localhost:49858
accept: */*

Response DefaultHttpResponse(decodeResult: success, version: HTTP/1.1)
HTTP/1.1 200 OK
Content-Type: application/json; charset=utf-8
cache-control: no-cache
content-length: 88

[DEBUG] Adding key: http://localhost:49858 for channel [id: 0xb46fbb51, L:/127.0.0.1:59532 - R:localhost/127.0.0.1:49858]
[DEBUG] Using pooled Channel '[id: 0xb46fbb51, L:/127.0.0.1:59532 - R:localhost/127.0.0.1:49858]' for 'POST' to 'http://localhost:49858/session/4b8e2f887f49488a74def858c42b8c51/element/5e924998-684c-4898-83d7-fed1099bdafc/value'
[DEBUG] Using open Channel [id: 0xb46fbb51, L:/127.0.0.1:59532 - R:localhost/127.0.0.1:49858] for POST '/session/4b8e2f887f49488a74def858c42b8c51/element/5e924998-684c-4898-83d7-fed1099bdafc/value'
[DEBUG] Entry count for : http://localhost:59533 : 1
[DEBUG] 

Request DefaultHttpRequest(decodeResult: success, version: HTTP/1.1)
POST /session/4b8e2f887f49488a74def858c42b8c51/element/5e924998-684c-4898-83d7-fed1099bdafc/value HTTP/1.1
User-Agent: selenium/4.2.1 (java windows)
Content-Length: 271
Content-Type: application/json; charset=utf-8
host: localhost:49858
accept: */*

Response DefaultHttpResponse(decodeResult: success, version: HTTP/1.1)
HTTP/1.1 200 OK
Content-Type: application/json; charset=utf-8
cache-control: no-cache
content-length: 14

[DEBUG] Adding key: http://localhost:49858 for channel [id: 0xb46fbb51, L:/127.0.0.1:59532 - R:localhost/127.0.0.1:49858]
[DEBUG] Using pooled Channel '[id: 0xb46fbb51, L:/127.0.0.1:59532 - R:localhost/127.0.0.1:49858]' for 'POST' to 'http://localhost:49858/session/4b8e2f887f49488a74def858c42b8c51/element'
[DEBUG] Using open Channel [id: 0xb46fbb51, L:/127.0.0.1:59532 - R:localhost/127.0.0.1:49858] for POST '/session/4b8e2f887f49488a74def858c42b8c51/element'
[DEBUG] 

Request DefaultHttpRequest(decodeResult: success, version: HTTP/1.1)
POST /session/4b8e2f887f49488a74def858c42b8c51/element HTTP/1.1
User-Agent: selenium/4.2.1 (java windows)
Content-Length: 53
Content-Type: application/json; charset=utf-8
host: localhost:49858
accept: */*

Response DefaultHttpResponse(decodeResult: success, version: HTTP/1.1)
HTTP/1.1 200 OK
Content-Type: application/json; charset=utf-8
cache-control: no-cache
content-length: 88

[DEBUG] Adding key: http://localhost:49858 for channel [id: 0xb46fbb51, L:/127.0.0.1:59532 - R:localhost/127.0.0.1:49858]
[DEBUG] Using pooled Channel '[id: 0xb46fbb51, L:/127.0.0.1:59532 - R:localhost/127.0.0.1:49858]' for 'POST' to 'http://localhost:49858/session/4b8e2f887f49488a74def858c42b8c51/element/57f08087-170f-411a-9253-10afc4ab7690/clear'
[DEBUG] Using open Channel [id: 0xb46fbb51, L:/127.0.0.1:59532 - R:localhost/127.0.0.1:49858] for POST '/session/4b8e2f887f49488a74def858c42b8c51/element/57f08087-170f-411a-9253-10afc4ab7690/clear'
[DEBUG] 

Request DefaultHttpRequest(decodeResult: success, version: HTTP/1.1)
POST /session/4b8e2f887f49488a74def858c42b8c51/element/57f08087-170f-411a-9253-10afc4ab7690/clear HTTP/1.1
User-Agent: selenium/4.2.1 (java windows)
Content-Length: 50
Content-Type: application/json; charset=utf-8
host: localhost:49858
accept: */*

Response DefaultHttpResponse(decodeResult: success, version: HTTP/1.1)
HTTP/1.1 200 OK
Content-Type: application/json; charset=utf-8
cache-control: no-cache
content-length: 14

[DEBUG] Adding key: http://localhost:49858 for channel [id: 0xb46fbb51, L:/127.0.0.1:59532 - R:localhost/127.0.0.1:49858]
[DEBUG] Using pooled Channel '[id: 0xb46fbb51, L:/127.0.0.1:59532 - R:localhost/127.0.0.1:49858]' for 'POST' to 'http://localhost:49858/session/4b8e2f887f49488a74def858c42b8c51/element'
[DEBUG] Using open Channel [id: 0xb46fbb51, L:/127.0.0.1:59532 - R:localhost/127.0.0.1:49858] for POST '/session/4b8e2f887f49488a74def858c42b8c51/element'
[DEBUG] 

Request DefaultHttpRequest(decodeResult: success, version: HTTP/1.1)
POST /session/4b8e2f887f49488a74def858c42b8c51/element HTTP/1.1
User-Agent: selenium/4.2.1 (java windows)
Content-Length: 53
Content-Type: application/json; charset=utf-8
host: localhost:49858
accept: */*

Response DefaultHttpResponse(decodeResult: success, version: HTTP/1.1)
HTTP/1.1 200 OK
Content-Type: application/json; charset=utf-8
cache-control: no-cache
content-length: 88

[DEBUG] Adding key: http://localhost:49858 for channel [id: 0xb46fbb51, L:/127.0.0.1:59532 - R:localhost/127.0.0.1:49858]
[DEBUG] Using pooled Channel '[id: 0xb46fbb51, L:/127.0.0.1:59532 - R:localhost/127.0.0.1:49858]' for 'POST' to 'http://localhost:49858/session/4b8e2f887f49488a74def858c42b8c51/element/57f08087-170f-411a-9253-10afc4ab7690/value'
[DEBUG] Using open Channel [id: 0xb46fbb51, L:/127.0.0.1:59532 - R:localhost/127.0.0.1:49858] for POST '/session/4b8e2f887f49488a74def858c42b8c51/element/57f08087-170f-411a-9253-10afc4ab7690/value'
[DEBUG] 

Request DefaultHttpRequest(decodeResult: success, version: HTTP/1.1)
POST /session/4b8e2f887f49488a74def858c42b8c51/element/57f08087-170f-411a-9253-10afc4ab7690/value HTTP/1.1
User-Agent: selenium/4.2.1 (java windows)
Content-Length: 131
Content-Type: application/json; charset=utf-8
host: localhost:49858
accept: */*

Response DefaultHttpResponse(decodeResult: success, version: HTTP/1.1)
HTTP/1.1 200 OK
Content-Type: application/json; charset=utf-8
cache-control: no-cache
content-length: 14

[DEBUG] Adding key: http://localhost:49858 for channel [id: 0xb46fbb51, L:/127.0.0.1:59532 - R:localhost/127.0.0.1:49858]
  And user enter email as "admin@yourstore.com" and password as "admin" # StepDefination.StepDef.user_enter_email_as_and_password_as(java.lang.String,java.lang.String)
this is after test method
 this is before steps
[DEBUG] Using pooled Channel '[id: 0xb46fbb51, L:/127.0.0.1:59532 - R:localhost/127.0.0.1:49858]' for 'POST' to 'http://localhost:49858/session/4b8e2f887f49488a74def858c42b8c51/element'
[DEBUG] Using open Channel [id: 0xb46fbb51, L:/127.0.0.1:59532 - R:localhost/127.0.0.1:49858] for POST '/session/4b8e2f887f49488a74def858c42b8c51/element'
[DEBUG] 

Request DefaultHttpRequest(decodeResult: success, version: HTTP/1.1)
POST /session/4b8e2f887f49488a74def858c42b8c51/element HTTP/1.1
User-Agent: selenium/4.2.1 (java windows)
Content-Length: 87
Content-Type: application/json; charset=utf-8
host: localhost:49858
accept: */*

Response DefaultHttpResponse(decodeResult: success, version: HTTP/1.1)
HTTP/1.1 200 OK
Content-Type: application/json; charset=utf-8
cache-control: no-cache
content-length: 88

[DEBUG] Adding key: http://localhost:49858 for channel [id: 0xb46fbb51, L:/127.0.0.1:59532 - R:localhost/127.0.0.1:49858]
[DEBUG] Using pooled Channel '[id: 0xb46fbb51, L:/127.0.0.1:59532 - R:localhost/127.0.0.1:49858]' for 'POST' to 'http://localhost:49858/session/4b8e2f887f49488a74def858c42b8c51/element/8c511b95-c16f-48c5-bc79-bf4295fc5631/click'
[DEBUG] Using open Channel [id: 0xb46fbb51, L:/127.0.0.1:59532 - R:localhost/127.0.0.1:49858] for POST '/session/4b8e2f887f49488a74def858c42b8c51/element/8c511b95-c16f-48c5-bc79-bf4295fc5631/click'
[DEBUG] Entry count for : http://localhost:59533 : 1
[DEBUG] Entry count for : http://localhost:59533 : 1
[DEBUG] Entry count for : http://localhost:59533 : 1
[DEBUG] Entry count for : http://localhost:59533 : 1
[DEBUG] Entry count for : http://localhost:59533 : 1
[DEBUG] Entry count for : http://localhost:59533 : 1
[DEBUG] Entry count for : http://localhost:59533 : 1
[DEBUG] 

Request DefaultHttpRequest(decodeResult: success, version: HTTP/1.1)
POST /session/4b8e2f887f49488a74def858c42b8c51/element/8c511b95-c16f-48c5-bc79-bf4295fc5631/click HTTP/1.1
User-Agent: selenium/4.2.1 (java windows)
Content-Length: 50
Content-Type: application/json; charset=utf-8
host: localhost:49858
accept: */*

Response DefaultHttpResponse(decodeResult: success, version: HTTP/1.1)
HTTP/1.1 200 OK
Content-Type: application/json; charset=utf-8
cache-control: no-cache
content-length: 14

[DEBUG] Adding key: http://localhost:49858 for channel [id: 0xb46fbb51, L:/127.0.0.1:59532 - R:localhost/127.0.0.1:49858]
  And click on login                                                    # StepDefination.StepDef.click_on_login()
this is after test method
 this is before steps
[DEBUG] Using pooled Channel '[id: 0xb46fbb51, L:/127.0.0.1:59532 - R:localhost/127.0.0.1:49858]' for 'GET' to 'http://localhost:49858/session/4b8e2f887f49488a74def858c42b8c51/title'
[DEBUG] Using open Channel [id: 0xb46fbb51, L:/127.0.0.1:59532 - R:localhost/127.0.0.1:49858] for GET '/session/4b8e2f887f49488a74def858c42b8c51/title'
[DEBUG] 

Request DefaultFullHttpRequest(decodeResult: success, version: HTTP/1.1, content: EmptyByteBufBE)
GET /session/4b8e2f887f49488a74def858c42b8c51/title HTTP/1.1
User-Agent: selenium/4.2.1 (java windows)
Cache-Control: no-cache
Content-Type: application/json; charset=utf-8
host: localhost:49858
accept: */*

Response DefaultHttpResponse(decodeResult: success, version: HTTP/1.1)
HTTP/1.1 200 OK
Content-Type: application/json; charset=utf-8
cache-control: no-cache
content-length: 50

[DEBUG] Adding key: http://localhost:49858 for channel [id: 0xb46fbb51, L:/127.0.0.1:59532 - R:localhost/127.0.0.1:49858]
  Then page title should be "Dashboard / nopCommerce administration"    # StepDefination.StepDef.page_title_should_be(java.lang.String)
this is after test method
 this is before steps
[DEBUG] Using pooled Channel '[id: 0xb46fbb51, L:/127.0.0.1:59532 - R:localhost/127.0.0.1:49858]' for 'POST' to 'http://localhost:49858/session/4b8e2f887f49488a74def858c42b8c51/element'
[DEBUG] Using open Channel [id: 0xb46fbb51, L:/127.0.0.1:59532 - R:localhost/127.0.0.1:49858] for POST '/session/4b8e2f887f49488a74def858c42b8c51/element'
[DEBUG] 

Request DefaultHttpRequest(decodeResult: success, version: HTTP/1.1)
POST /session/4b8e2f887f49488a74def858c42b8c51/element HTTP/1.1
User-Agent: selenium/4.2.1 (java windows)
Content-Length: 69
Content-Type: application/json; charset=utf-8
host: localhost:49858
accept: */*

Response DefaultHttpResponse(decodeResult: success, version: HTTP/1.1)
HTTP/1.1 200 OK
Content-Type: application/json; charset=utf-8
cache-control: no-cache
content-length: 88

[DEBUG] Adding key: http://localhost:49858 for channel [id: 0xb46fbb51, L:/127.0.0.1:59532 - R:localhost/127.0.0.1:49858]
[DEBUG] Using pooled Channel '[id: 0xb46fbb51, L:/127.0.0.1:59532 - R:localhost/127.0.0.1:49858]' for 'POST' to 'http://localhost:49858/session/4b8e2f887f49488a74def858c42b8c51/element/8b185aef-f587-4862-8a00-9ebdf01d080b/click'
[DEBUG] Using open Channel [id: 0xb46fbb51, L:/127.0.0.1:59532 - R:localhost/127.0.0.1:49858] for POST '/session/4b8e2f887f49488a74def858c42b8c51/element/8b185aef-f587-4862-8a00-9ebdf01d080b/click'
[DEBUG] 

Request DefaultHttpRequest(decodeResult: success, version: HTTP/1.1)
POST /session/4b8e2f887f49488a74def858c42b8c51/element/8b185aef-f587-4862-8a00-9ebdf01d080b/click HTTP/1.1
User-Agent: selenium/4.2.1 (java windows)
Content-Length: 50
Content-Type: application/json; charset=utf-8
host: localhost:49858
accept: */*

Response DefaultHttpResponse(decodeResult: success, version: HTTP/1.1)
HTTP/1.1 200 OK
Content-Type: application/json; charset=utf-8
cache-control: no-cache
content-length: 14

[DEBUG] Adding key: http://localhost:49858 for channel [id: 0xb46fbb51, L:/127.0.0.1:59532 - R:localhost/127.0.0.1:49858]
  When user click on log out link                                       # StepDefination.StepDef.user_click_on_log_out_link()
this is after test method
 this is before steps
[DEBUG] Using pooled Channel '[id: 0xb46fbb51, L:/127.0.0.1:59532 - R:localhost/127.0.0.1:49858]' for 'DELETE' to 'http://localhost:49858/session/4b8e2f887f49488a74def858c42b8c51/window'
[DEBUG] Using open Channel [id: 0xb46fbb51, L:/127.0.0.1:59532 - R:localhost/127.0.0.1:49858] for DELETE '/session/4b8e2f887f49488a74def858c42b8c51/window'
[DEBUG] Channel Closed: [id: 0xa036e624, L:/127.0.0.1:59540 ! R:localhost/127.0.0.1:59533] with attribute DISCARD
[DEBUG] Channel Closed: [id: 0x332d2323, L:/127.0.0.1:59541 ! R:localhost/127.0.0.1:59533] with attribute NettyResponseFuture{currentRetry=0,
	isDone=1,
	isCancelled=0,
	asyncHandler=org.asynchttpclient.ws.WebSocketUpgradeHandler@12797edf,
	nettyRequest=org.asynchttpclient.netty.request.NettyRequest@5abaaf5a,
	future=java.util.concurrent.CompletableFuture@13bae86c[Completed normally],
	uri=ws://localhost:59533/devtools/browser/a88d0f45-cfc1-4d6e-9d98-5f36ed93caf6,
	keepAlive=true,
	redirectCount=0,
	timeoutsHolder=null,
	inAuth=0,
	touch=1661351254188}
[DEBUG] Closing Channel [id: 0x332d2323, L:/127.0.0.1:59541 ! R:localhost/127.0.0.1:59533] 
[DEBUG] 

Request DefaultFullHttpRequest(decodeResult: success, version: HTTP/1.1, content: EmptyByteBufBE)
DELETE /session/4b8e2f887f49488a74def858c42b8c51/window HTTP/1.1
User-Agent: selenium/4.2.1 (java windows)
Content-Type: application/json; charset=utf-8
host: localhost:49858
accept: */*

Response DefaultHttpResponse(decodeResult: success, version: HTTP/1.1)
HTTP/1.1 200 OK
Content-Type: application/json; charset=utf-8
cache-control: no-cache
content-length: 12

[DEBUG] Adding key: http://localhost:49858 for channel [id: 0xb46fbb51, L:/127.0.0.1:59532 - R:localhost/127.0.0.1:49858]
[DEBUG] Using pooled Channel '[id: 0xb46fbb51, L:/127.0.0.1:59532 - R:localhost/127.0.0.1:49858]' for 'DELETE' to 'http://localhost:49858/session/4b8e2f887f49488a74def858c42b8c51'
[DEBUG] Using open Channel [id: 0xb46fbb51, L:/127.0.0.1:59532 - R:localhost/127.0.0.1:49858] for DELETE '/session/4b8e2f887f49488a74def858c42b8c51'
[DEBUG] 

Request DefaultFullHttpRequest(decodeResult: success, version: HTTP/1.1, content: EmptyByteBufBE)
DELETE /session/4b8e2f887f49488a74def858c42b8c51 HTTP/1.1
User-Agent: selenium/4.2.1 (java windows)
Content-Type: application/json; charset=utf-8
host: localhost:49858
accept: */*

Response DefaultHttpResponse(decodeResult: success, version: HTTP/1.1)
HTTP/1.1 200 OK
Content-Type: application/json; charset=utf-8
cache-control: no-cache
content-length: 14

[DEBUG] Adding key: http://localhost:49858 for channel [id: 0xb46fbb51, L:/127.0.0.1:59532 - R:localhost/127.0.0.1:49858]
[DEBUG] Channel Closed: [id: 0xb46fbb51, L:/127.0.0.1:59532 ! R:localhost/127.0.0.1:49858] with attribute DISCARD
  And close the browser                                                 # StepDefination.StepDef.close_the_browser()
this is after test method
teardown method executed....
]]></system-out>
    <system-err><![CDATA[Starting ChromeDriver 104.0.5112.79 (3cf3e8c8a07d104b9e1260c910efb8f383285dc5-refs/branch-heads/5112@{#1307}) on port 49858
Only local connections are allowed.
Please see https://chromedriver.chromium.org/security-considerations for suggestions on keeping ChromeDriver safe.
ChromeDriver was started successfully.
Aug 24, 2022 7:57:33 PM org.openqa.selenium.remote.ProtocolHandshake createSession
INFO: Detected upstream dialect: W3C
Aug 24, 2022 7:57:34 PM org.openqa.selenium.devtools.CdpVersionFinder findNearestMatch
WARNING: Unable to find an exact match for CDP version 104, so returning the closest version found: 102
Aug 24, 2022 7:57:34 PM org.openqa.selenium.devtools.CdpVersionFinder findNearestMatch
INFO: Found CDP implementation for version 104 of 102
]]></system-err>
  </testcase>
</testsuite>